<?xml version="1.0" encoding="UTF-8"?>
<testng-results skipped="0" failed="0" ignored="0" total="1" passed="1">
  <reporter-output>
  </reporter-output>
  <suite name="Default suite" duration-ms="1620" started-at="2020-10-28T14:00:17Z" finished-at="2020-10-28T14:00:18Z">
    <groups>
    </groups>
    <test name="Default test" duration-ms="1620" started-at="2020-10-28T14:00:17Z" finished-at="2020-10-28T14:00:18Z">
      <class name="JiraIssues">
        <test-method status="PASS" signature="CreateAndEditIssue()[pri:0, instance:JiraIssues@7f1302d6]" name="CreateAndEditIssue" duration-ms="1599" started-at="2020-10-28T14:00:17Z" finished-at="2020-10-28T14:00:18Z">
          <reporter-output>
          </reporter-output>
        </test-method> <!-- CreateAndEditIssue -->
      </class> <!-- JiraIssues -->
    </test> <!-- Default test -->
  </suite> <!-- Default suite -->
</testng-results>
